<?xml version="1.0" encoding="ISO-8859-1"?>
<!--

    Copyright (C) 2015 eXo Platform SAS.
    
    This is free software; you can redistribute it and/or modify it
    under the terms of the GNU Lesser General Public License as
    published by the Free Software Foundation; either version 2.1 of
    the License, or (at your option) any later version.
    
    This software is distributed in the hope that it will be useful,
    but WITHOUT ANY WARRANTY; without even the implied warranty of
    MERCHANTABILITY or FITNESS FOR A PARTICULAR PURPOSE. See the GNU
    Lesser General Public License for more details.
    
    You should have received a copy of the GNU Lesser General Public
    License along with this software; if not, write to the Free
    Software Foundation, Inc., 51 Franklin St, Fifth Floor, Boston, MA
    02110-1301 USA, or see the FSF site: http://www.fsf.org.

-->

<configuration xmlns:xsi="http://www.w3.org/2001/XMLSchema-instance"
  xsi:schemaLocation="http://www.exoplatform.org/xml/ns/kernel_1_2.xsd http://www.exoplatform.org/xml/ns/kernel_1_2.xsd"
  xmlns="http://www.exoplatform.org/xml/ns/kernel_1_2.xsd">

  <component>
    <key>org.exoplatform.services.cms.clouddrives.CloudDriveService</key>
    <type>org.exoplatform.services.cms.clouddrives.CloudDriveServiceImpl</type>
  </component>
  
  <component>
    <key>org.exoplatform.services.cms.clouddrives.jcr.NodeFinder</key>
    <type>org.exoplatform.services.cms.clouddrives.jcr.JCRNodeFinder</type>
  </component>
  
  <component>
    <key>org.exoplatform.services.cms.clouddrives.CloudDriveFeatures</key>
    <type>org.exoplatform.services.cms.clouddrives.features.PermissiveFeatures</type>
  </component>

  <external-component-plugins>
    <target-component>org.exoplatform.services.jcr.impl.ext.action.SessionActionCatalog</target-component>
    <component-plugin>
      <name>addActions</name>
      <set-method>addPlugin</set-method>
      <type>org.exoplatform.services.jcr.impl.ext.action.AddActionsPlugin</type>
      <description>add actions plugin</description>
      <init-params>
        <object-param>
          <name>actions</name>
          <object type="org.exoplatform.services.jcr.impl.ext.action.AddActionsPlugin$ActionsConfig">
            <field name="actions">
              <collection type="java.util.ArrayList">
                <value>
                  <object type="org.exoplatform.services.jcr.impl.ext.action.ActionConfiguration">
                    <field name="eventTypes">
                      <string>removeNode</string>
                    </field>
                    <field name="nodeTypes">
                      <string>ecd:cloudFile</string>
                    </field>
                    <field name="isDeep">
                      <boolean>true</boolean>
                    </field>
                    <field name="actionClassName">
                      <string>org.exoplatform.services.cms.clouddrives.jcr.RemoveCloudFileAction</string>
                    </field>
                  </object>
                </value>
              </collection>
            </field>
          </object>
        </object-param>
      </init-params>
    </component-plugin>
  </external-component-plugins>

  <!-- Dropbox connector plugin -->
  <external-component-plugins>
    <target-component>org.exoplatform.services.cms.clouddrives.CloudDriveService</target-component>
    <component-plugin>
      <name>add.clouddriveprovider</name>
      <set-method>addPlugin</set-method>
      <type>org.exoplatform.services.cms.clouddrives.dropbox.DropboxConnector</type>
      <init-params>
        <properties-param>
          <name>drive-configuration</name>
          <property name="provider-id" value="dropbox" />
          <property name="provider-name" value="Dropbox" />
          <property name="provider-client-id" value="${clouddrive.dropbox.client.id}" />
          <property name="provider-client-secret" value="${clouddrive.dropbox.client.secret}" />
          <property name="connector-host" value="${clouddrive.service.host}" />
          <property name="connector-schema" value="${clouddrive.service.schema:http}" />
          <property name="login-sso" value="${clouddrive.login.sso:false}" />
        </properties-param>
      </init-params>
    </component-plugin>
  </external-component-plugins>

  <import>classpath:/conf/portal/test-jcr-configuration.xml</import>
  <import>classpath:/conf/portal/test-organization-configuration.xml</import>

</configuration>